[+] Containers:
 |- [+] Container: /Game/Maps/L_DoItYourself
 |   |- [+] ActorDescs:
 |   |   |- Guid:01774D3F45CC380516F2A19B25CAFE41 BaseClass:/Game/Blueprints/BP_Platform_Cube.BP_Platform_Cube_C NativeClass:/Script/Engine.Actor Name:BP_Platform_Cube_C_UAID_60E32BD04101934E01_1798946406 Label:BP_Platform_Cube7 SpatiallyLoaded:1 Bounds:IsValid=true, Min=(X=-250.000 Y=4400.000 Z=957.500), Max=(X=250.000 Y=4800.000 Z=1182.500) RuntimeGrid:None EditorOnly:0 RuntimeOnly:0 HLODRelevant:0
 |   |   |- Guid:0234363D4F79D0C82660CDB8A26B8398 BaseClass:/Game/Blueprints/BP_Platform_Cube.BP_Platform_Cube_C NativeClass:/Script/Engine.Actor Name:BP_Platform_Cube_C_UAID_60E32BD04101944E01_1651060587 Label:BP_Platform_Cube11 SpatiallyLoaded:1 Bounds:IsValid=true, Min=(X=-225.000 Y=3372.908 Z=1339.736), Max=(X=225.000 Y=3627.092 Z=1534.152) RuntimeGrid:None EditorOnly:0 RuntimeOnly:0 HLODRelevant:0
 |   |   |- Guid:093A24E54F36097ABAF61EAA84CC2938 BaseClass: NativeClass:/Script/Engine.DirectionalLight Name:DirectionalLight_0 Label:DirectionalLight SpatiallyLoaded:0 Bounds:IsValid=true, Min=(X=-1048576.000 Y=-1048576.000 Z=-1048576.000), Max=(X=1048576.000 Y=1048576.000 Z=1048576.000) RuntimeGrid:None EditorOnly:0 RuntimeOnly:0 HLODRelevant:0 FolderPath:Lighting FolderGuid:963EC3EB4002CCE9759E2EBA541A873A
 |   |   |- Guid:0A146A484DD03272677240BF48790FF5 BaseClass: NativeClass:/Script/Engine.StaticMeshActor Name:StaticMeshActor_8 Label:SM_Cube4 SpatiallyLoaded:1 Bounds:IsValid=true, Min=(X=240.000 Y=1490.000 Z=0.000), Max=(X=840.000 Y=1990.000 Z=200.000) RuntimeGrid:None EditorOnly:0 RuntimeOnly:0 HLODRelevant:1 FolderPath:Block01 FolderGuid:7D23E5AE4C2A421F86AF6986D87E6D05
 |   |   |- Guid:164F2F49450A078C79B4EFAD073ED5AF BaseClass:/Game/Blueprints/BP_Restart_Volume.BP_Restart_Volume_C NativeClass:/Script/Engine.Actor Name:BP_Restart_Volume_C_UAID_60E32BD041015E5301_1844766351 Label:BP_Restart_Volume3 SpatiallyLoaded:1 Bounds:IsValid=true, Min=(X=-212.500 Y=3077.500 Z=1410.000), Max=(X=212.500 Y=3402.500 Z=1510.000) RuntimeGrid:None EditorOnly:0 RuntimeOnly:0 HLODRelevant:0
 |   |   |- Guid:18D921994BEB4F157F4A9A99F34861EE BaseClass:/Game/Blueprints/BP_Platform_Cube.BP_Platform_Cube_C NativeClass:/Script/Engine.Actor Name:BP_Platform_Cube_C_UAID_60E32BD04101964E01_2079773948 Label:BP_Platform_Cube18 SpatiallyLoaded:1 Bounds:IsValid=true, Min=(X=-250.000 Y=7855.000 Z=2377.500), Max=(X=250.000 Y=8205.000 Z=2502.500) RuntimeGrid:None EditorOnly:0 RuntimeOnly:0 HLODRelevant:0
 |   |   |- Guid:1F5357F142645D0EC0F091AFBA2A225F BaseClass:/Game/Blueprints/BP_Platform_Cube.BP_Platform_Cube_C NativeClass:/Script/Engine.Actor Name:BP_Platform_Cube_C_UAID_60E32BD04101934E01_1862989409 Label:BP_Platform_Cube9 SpatiallyLoaded:1 Bounds:IsValid=true, Min=(X=-250.000 Y=3642.500 Z=-702.500), Max=(X=250.000 Y=5317.500 Z=522.500) RuntimeGrid:None EditorOnly:0 RuntimeOnly:0 HLODRelevant:0
 |   |   |- Guid:1FA97AB94A3B53501D8829BAD11C8202 BaseClass: NativeClass:/Script/Engine.StaticMeshActor Name:StaticMeshActor_9 Label:SM_Ramp2 SpatiallyLoaded:1 Bounds:IsValid=true, Min=(X=440.000 Y=1290.000 Z=0.000), Max=(X=840.000 Y=1490.000 Z=100.000) RuntimeGrid:None EditorOnly:0 RuntimeOnly:0 HLODRelevant:1 FolderPath:Block01 FolderGuid:7D23E5AE4C2A421F86AF6986D87E6D05
 |   |   |- Guid:21FA61FC47ED6B1B6A0F1FB2F4D69E07 BaseClass:/Game/Blueprints/BP_Chechpoint.BP_Chechpoint_C NativeClass:/Script/Engine.Actor Name:BP_Chechpoint_C_UAID_60E32BD04101075301_1080842039 Label:BP_Chechpoint SpatiallyLoaded:1 Bounds:IsValid=true, Min=(X=-264.000 Y=6186.500 Z=480.024), Max=(X=252.292 Y=6478.500 Z=812.337) RuntimeGrid:None EditorOnly:0 RuntimeOnly:0 HLODRelevant:0
 |   |   |- Guid:23E31638424EDB0E928211957FC414E2 BaseClass:/Game/Blueprints/BP_Platform_Cube.BP_Platform_Cube_C NativeClass:/Script/Engine.Actor Name:BP_Platform_Cube_C_UAID_60E32BD041015E5301_1867664352 Label:BP_Platform_Cube17 SpatiallyLoaded:1 Bounds:IsValid=true, Min=(X=-250.000 Y=3090.000 Z=-760.000), Max=(X=250.000 Y=3390.000 Z=1440.000) RuntimeGrid:None EditorOnly:0 RuntimeOnly:0 HLODRelevant:0
 |   |   |- Guid:24D671784B6FFD77FAB33ABA76CE35DB BaseClass:/Game/Blueprints/BP_Platform_Cube.BP_Platform_Cube_C NativeClass:/Script/Engine.Actor Name:BP_Platform_Cube_C_UAID_60E32BD041017C5501_2076421744 Label:BP_Platform_Cube30 SpatiallyLoaded:1 Bounds:IsValid=true, Min=(X=-225.000 Y=6380.175 Z=1509.606), Max=(X=225.000 Y=6983.941 Z=1930.359) RuntimeGrid:None EditorOnly:0 RuntimeOnly:0 HLODRelevant:0
 |   |   |- Guid:251B127C40558B4D1BEC848A3760CCD5 BaseClass: NativeClass:/Script/Engine.StaticMeshActor Name:StaticMeshActor_UAID_FC3497E44A60004E01_1764993536 Label:SM_Cube5 SpatiallyLoaded:1 Bounds:IsValid=true, Min=(X=-960.000 Y=13590.000 Z=-1570.000), Max=(X=2040.000 Y=14594.454 Z=3393.244) RuntimeGrid:None EditorOnly:0 RuntimeOnly:0 HLODRelevant:1 FolderPath:Playground FolderGuid:C73F09FC4215536B1DCE2A9E0A830C70
 |   |   |- Guid:281F1682448DF8A5DD35288AE721D4A2 BaseClass:/Game/Blueprints/BP_Platform_Cube.BP_Platform_Cube_C NativeClass:/Script/Engine.Actor Name:BP_Platform_Cube_C_UAID_60E32BD04101964E01_1302951944 Label:BP_Platform_Cube14 SpatiallyLoaded:1 Bounds:IsValid=true, Min=(X=-250.000 Y=4980.000 Z=1487.500), Max=(X=250.000 Y=5580.000 Z=1612.500) RuntimeGrid:None EditorOnly:0 RuntimeOnly:0 HLODRelevant:0
 |   |   |- Guid:2A99A0CB46F466BD58F1C9812F4DD057 BaseClass:/Game/Blueprints/BP_Platform_Cube.BP_Platform_Cube_C NativeClass:/Script/Engine.Actor Name:BP_Platform_Cube_C_UAID_60E32BD04101AD5201_1900564205 Label:BP_Platform_Cube24 SpatiallyLoaded:1 Bounds:IsValid=true, Min=(X=-250.000 Y=5595.000 Z=2100.000), Max=(X=250.000 Y=5845.000 Z=2200.000) RuntimeGrid:None EditorOnly:0 RuntimeOnly:0 HLODRelevant:0
 |   |   |- Guid:341A82F946A08879139909972DA92582 BaseClass: NativeClass:/Script/Engine.StaticMeshActor Name:StaticMeshActor_1 Label:SM_Cube SpatiallyLoaded:1 Bounds:IsValid=true, Min=(X=-960.000 Y=-205.000 Z=-1500.000), Max=(X=2040.000 Y=2570.000 Z=0.000) RuntimeGrid:None EditorOnly:0 RuntimeOnly:0 HLODRelevant:1 FolderPath:Playground FolderGuid:C73F09FC4215536B1DCE2A9E0A830C70
 |   |   |- Guid:3A697ED1497AC30C53A1648FBB3DA23A BaseClass: NativeClass:/Script/Engine.StaticMeshActor Name:StaticMeshActor_19 Label:SM_QuarterCylinder2 SpatiallyLoaded:1 Bounds:IsValid=true, Min=(X=1540.000 Y=2130.000 Z=0.000), Max=(X=1640.000 Y=2230.000 Z=200.000) RuntimeGrid:None EditorOnly:0 RuntimeOnly:0 HLODRelevant:1 FolderPath:Block02 FolderGuid:EBA23F8248252949750E43911A3A1CDD
 |   |   |- Guid:47AC161341BACA129489B58B0955B682 BaseClass:/Game/Blueprints/BP_Platform_Cube.BP_Platform_Cube_C NativeClass:/Script/Engine.Actor Name:BP_Platform_Cube_C_UAID_60E32BD04101924E01_2138082226 Label:BP_Platform_Cube4 SpatiallyLoaded:1 Bounds:IsValid=true, Min=(X=-250.000 Y=1435.000 Z=637.500), Max=(X=250.000 Y=1785.000 Z=762.500) RuntimeGrid:None EditorOnly:0 RuntimeOnly:0 HLODRelevant:0
 |   |   |- Guid:50D3C3F34623C495593F5EA95593ED2C BaseClass: NativeClass:/Script/Engine.WorldDataLayers Name:WorldDataLayers Label:WorldDataLayers-1 SpatiallyLoaded:0 Bounds:IsValid=true, Min=(X=0.000 Y=0.000 Z=0.000), Max=(X=0.000 Y=0.000 Z=0.000) RuntimeGrid:None EditorOnly:0 RuntimeOnly:0 HLODRelevant:0
 |   |   |- Guid:51E566014601DEB442C025BAC597A32A BaseClass:/Game/Blueprints/BP_ThirdPersonCharacter.BP_ThirdPersonCharacter_C NativeClass:/Script/Engine.Character Name:BP_ThirdPersonCharacter_C_UAID_FC3497E44A60FD4D01_1675122999 Label:BP_ThirdPersonCharacter SpatiallyLoaded:1 Bounds:IsValid=true, Min=(X=-35.000 Y=325.000 Z=-0.113), Max=(X=37.664 Y=395.000 Z=180.332) RuntimeGrid:None EditorOnly:0 RuntimeOnly:0 HLODRelevant:0
 |   |   |- Guid:538C76A8416114796A8D6AB234D561CF BaseClass:/Game/Blueprints/BP_Platform_Cube.BP_Platform_Cube_C NativeClass:/Script/Engine.Actor Name:BP_Platform_Cube_C_UAID_60E32BD04101964E01_1318523945 Label:BP_Platform_Cube15 SpatiallyLoaded:1 Bounds:IsValid=true, Min=(X=-250.000 Y=6725.000 Z=997.500), Max=(X=250.000 Y=6975.000 Z=1122.500) RuntimeGrid:None EditorOnly:0 RuntimeOnly:0 HLODRelevant:0
 |   |   |- Guid:5505547245D0D7DE4E6AFC8AA3545ED6 BaseClass: NativeClass:/Script/Engine.StaticMeshActor Name:StaticMeshActor_UAID_FC3497E44A60FE4D01_1080163177 Label:SM_Cube2 SpatiallyLoaded:1 Bounds:IsValid=true, Min=(X=-960.000 Y=12111.655 Z=-3600.000), Max=(X=2040.000 Y=13590.000 Z=1200.000) RuntimeGrid:None EditorOnly:0 RuntimeOnly:0 HLODRelevant:1 FolderPath:Playground FolderGuid:C73F09FC4215536B1DCE2A9E0A830C70
 |   |   |- Guid:57EC2D8E46DCE676966A33ABD8322912 BaseClass:/Game/Blueprints/BP_Platform_Cube.BP_Platform_Cube_C NativeClass:/Script/Engine.Actor Name:BP_Platform_Cube_C_UAID_60E32BD04101934E01_1537733404 Label:BP_Platform_Cube6 SpatiallyLoaded:1 Bounds:IsValid=true, Min=(X=-250.000 Y=462.500 Z=620.000), Max=(X=250.000 Y=637.500 Z=2320.000) RuntimeGrid:None EditorOnly:0 RuntimeOnly:0 HLODRelevant:0
 |   |   |- Guid:5F32994048DEA6258B7E7092EB3A000F BaseClass:/Game/Blueprints/BP_Platform_Cube.BP_Platform_Cube_C NativeClass:/Script/Engine.Actor Name:BP_Platform_Cube_C_UAID_60E32BD04101944E01_2002257588 Label:BP_Platform_Cube12 SpatiallyLoaded:1 Bounds:IsValid=true, Min=(X=-250.000 Y=3385.000 Z=-673.678), Max=(X=250.000 Y=3635.000 Z=1451.322) RuntimeGrid:None EditorOnly:0 RuntimeOnly:0 HLODRelevant:0
 |   |   |- Guid:620CE96D4092BB7E5B11B0AC2F2D2A3B BaseClass:/Game/Blueprints/BP_Platform_Cube.BP_Platform_Cube_C NativeClass:/Script/Engine.Actor Name:BP_Platform_Cube_C_UAID_60E32BD041015E5301_2016928353 Label:BP_Platform_Cube27 SpatiallyLoaded:1 Bounds:IsValid=true, Min=(X=-250.000 Y=637.500 Z=1035.000), Max=(X=250.000 Y=862.500 Z=1285.000) RuntimeGrid:None EditorOnly:0 RuntimeOnly:0 HLODRelevant:0
 |   |   |- Guid:636F5FAB47FA2A6ECBC2ED90B6B06738 BaseClass:/Game/Blueprints/BP_Restart_Volume.BP_Restart_Volume_C NativeClass:/Script/Engine.Actor Name:BP_Restart_Volume_C_UAID_FC3497E44A60024E01_1308029890 Label:BP_Restart_Volume SpatiallyLoaded:1 Bounds:IsValid=true, Min=(X=-273.069 Y=-2095.642 Z=-3079.834), Max=(X=273.069 Y=15495.642 Z=-160.166) RuntimeGrid:None EditorOnly:0 RuntimeOnly:0 HLODRelevant:0
 |   |   |- Guid:638E85BD421B57D65E9452B6C5295C42 BaseClass:/Game/Blueprints/BP_Platform_Cube.BP_Platform_Cube_C NativeClass:/Script/Engine.Actor Name:BP_Platform_Cube_C_UAID_60E32BD04101AD5201_1451991199 Label:BP_Platform_Cube19 SpatiallyLoaded:1 Bounds:IsValid=true, Min=(X=-250.000 Y=1237.500 Z=1457.500), Max=(X=250.000 Y=1562.500 Z=1582.500) RuntimeGrid:None EditorOnly:0 RuntimeOnly:0 HLODRelevant:0
 |   |   |- Guid:66829B394F0E9EF708536B9772CDCB0A BaseClass:/Game/Blueprints/BP_Platform_Cube.BP_Platform_Cube_C NativeClass:/Script/Engine.Actor Name:BP_Platform_Cube_C_UAID_60E32BD04101934E01_1086723403 Label:BP_Platform_Cube5 SpatiallyLoaded:1 Bounds:IsValid=true, Min=(X=-250.000 Y=637.500 Z=617.500), Max=(X=250.000 Y=1162.500 Z=1042.500) RuntimeGrid:None EditorOnly:0 RuntimeOnly:0 HLODRelevant:0
 |   |   |- Guid:69BDBF344FCC7CFC9403C0BD084D781E BaseClass:/Game/Blueprints/BP_Platform_Cube.BP_Platform_Cube_C NativeClass:/Script/Engine.Actor Name:BP_Platform_Cube_C_UAID_60E32BD04101964E01_1245725943 Label:BP_Platform_Cube13 SpatiallyLoaded:1 Bounds:IsValid=true, Min=(X=-250.000 Y=5447.500 Z=-805.000), Max=(X=250.000 Y=5672.500 Z=845.000) RuntimeGrid:None EditorOnly:0 RuntimeOnly:0 HLODRelevant:0
 |   |   |- Guid:6B7A3D2A436C5E306D39C3B045C45C61 BaseClass: NativeClass:/Script/Engine.VolumetricCloud Name:VolumetricCloud_0 Label:VolumetricCloud SpatiallyLoaded:0 Bounds:IsValid=true, Min=(X=0.000 Y=0.000 Z=820.000), Max=(X=0.000 Y=0.000 Z=820.000) RuntimeGrid:None EditorOnly:0 RuntimeOnly:0 HLODRelevant:0 FolderPath:Lighting FolderGuid:963EC3EB4002CCE9759E2EBA541A873A
 |   |   |- Guid:7061593C460F9BB39F001DABD969395F BaseClass: NativeClass:/Script/Engine.StaticMeshActor Name:StaticMeshActor_34 Label:SM_QuarterCylinder13 SpatiallyLoaded:1 Bounds:IsValid=true, Min=(X=1040.000 Y=290.000 Z=0.000), Max=(X=1240.000 Y=490.000 Z=100.000) RuntimeGrid:None EditorOnly:0 RuntimeOnly:0 HLODRelevant:1 FolderPath:Cylinder FolderGuid:D075E5BA49330D3EC2503D81A7CF88D1
 |   |   |- Guid:7127A5A5470551E3C82095B26E921FFA BaseClass: NativeClass:/Script/Engine.StaticMeshActor Name:StaticMeshActor_20 Label:SM_Cube12 SpatiallyLoaded:1 Bounds:IsValid=true, Min=(X=1540.000 Y=2250.000 Z=0.000), Max=(X=1640.000 Y=2350.000 Z=200.000) RuntimeGrid:None EditorOnly:0 RuntimeOnly:0 HLODRelevant:1 FolderPath:Block02 FolderGuid:EBA23F8248252949750E43911A3A1CDD
 |   |   |- Guid:7354D0DA4269D57C4AE54DA0236CC5A0 BaseClass: NativeClass:/Script/Engine.PostProcessVolume Name:PostProcessVolume_0 Label:PostProcessVolume SpatiallyLoaded:0 Bounds:IsValid=true, Min=(X=0.000 Y=0.000 Z=400.000), Max=(X=200.000 Y=200.000 Z=600.000) RuntimeGrid:None EditorOnly:0 RuntimeOnly:0 HLODRelevant:0 FolderPath:Lighting FolderGuid:963EC3EB4002CCE9759E2EBA541A873A
 |   |   |- Guid:7405037945E9AC2AD819A9BEC4EE009D BaseClass: NativeClass:/Script/Engine.SkyLight Name:SkyLight_1 Label:SkyLight SpatiallyLoaded:0 Bounds:IsValid=true, Min=(X=0.000 Y=0.000 Z=690.000), Max=(X=0.000 Y=0.000 Z=690.000) RuntimeGrid:None EditorOnly:0 RuntimeOnly:0 HLODRelevant:0 FolderPath:Lighting FolderGuid:963EC3EB4002CCE9759E2EBA541A873A
 |   |   |- Guid:7A3E744944F6768BB9020EB2432A26C0 BaseClass: NativeClass:/Script/Engine.SkyAtmosphere Name:SkyAtmosphere_0 Label:SkyAtmosphere SpatiallyLoaded:0 Bounds:IsValid=true, Min=(X=0.000 Y=0.000 Z=1020.000), Max=(X=0.000 Y=0.000 Z=1020.000) RuntimeGrid:None EditorOnly:0 RuntimeOnly:0 HLODRelevant:0 FolderPath:Lighting FolderGuid:963EC3EB4002CCE9759E2EBA541A873A
 |   |   |- Guid:80ABDC60407A553FED09E485294C1873 BaseClass:/Game/Blueprints/BP_Win_Level.BP_Win_Level_C NativeClass:/Script/Engine.Actor Name:BP_Win_Level_C_UAID_FC3497E44A60FE4D01_1945298182 Label:BP_Win_Level SpatiallyLoaded:1 Bounds:IsValid=true, Min=(X=-50.000 Y=10880.897 Z=1937.729), Max=(X=50.000 Y=11157.350 Z=3475.640) RuntimeGrid:None EditorOnly:0 RuntimeOnly:0 HLODRelevant:0
 |   |   |- Guid:81700AA84FF57B2B8D562F957FC7CB7D BaseClass: NativeClass:/Script/Engine.StaticMeshActor Name:StaticMeshActor_UAID_FC3497E44A60004E01_1747494535 Label:SM_Cube3 SpatiallyLoaded:1 Bounds:IsValid=true, Min=(X=-960.000 Y=-1200.000 Z=-1570.000), Max=(X=2040.000 Y=-195.546 Z=3393.243) RuntimeGrid:None EditorOnly:0 RuntimeOnly:0 HLODRelevant:1 FolderPath:Playground FolderGuid:C73F09FC4215536B1DCE2A9E0A830C70
 |   |   |- Guid:85A693A644BC499A696CFE8ABE9F69AF BaseClass:/Game/Blueprints/BP_Platform_Cube.BP_Platform_Cube_C NativeClass:/Script/Engine.Actor Name:BP_Platform_Cube_C_UAID_60E32BD04101AD5201_1842205201 Label:BP_Platform_Cube21 SpatiallyLoaded:1 Bounds:IsValid=true, Min=(X=-250.000 Y=6050.000 Z=-742.500), Max=(X=250.000 Y=7150.000 Z=482.500) RuntimeGrid:None EditorOnly:0 RuntimeOnly:0 HLODRelevant:0
 |   |   |- Guid:94CB1780485DD3B450912FA8F4A32A1A BaseClass: NativeClass:/Script/Engine.PlayerStart Name:PlayerStart_0 Label:PlayerStart SpatiallyLoaded:0 Bounds:IsValid=true, Min=(X=860.000 Y=1070.000 Z=0.013), Max=(X=940.000 Y=1150.000 Z=184.013) RuntimeGrid:None EditorOnly:0 RuntimeOnly:0 HLODRelevant:0
 |   |   |- Guid:97A60252458D0052F30F3CAFC0FB8263 BaseClass:/Game/Blueprints/BP_Platform_Cube.BP_Platform_Cube_C NativeClass:/Script/Engine.Actor Name:BP_Platform_Cube_C_UAID_60E32BD04101924E01_1553671223 Label:BP_Platform_Cube SpatiallyLoaded:1 Bounds:IsValid=true, Min=(X=-250.000 Y=1422.500 Z=-350.000), Max=(X=250.000 Y=1997.500 Z=150.000) RuntimeGrid:None EditorOnly:0 RuntimeOnly:0 HLODRelevant:0
 |   |   |- Guid:982F12254C719D0D8F500E8AA25459D5 BaseClass: NativeClass:/Script/Engine.StaticMeshActor Name:StaticMeshActor_12 Label:SM_Cube8 SpatiallyLoaded:1 Bounds:IsValid=true, Min=(X=340.000 Y=850.000 Z=0.000), Max=(X=1540.000 Y=1150.000 Z=200.000) RuntimeGrid:None EditorOnly:0 RuntimeOnly:0 HLODRelevant:1 FolderPath:Block02 FolderGuid:EBA23F8248252949750E43911A3A1CDD
 |   |   |- Guid:9C99F9364AAD0C83F3A743A0F16C8DAF BaseClass:/Game/Blueprints/BP_Platform_Cube.BP_Platform_Cube_C NativeClass:/Script/Engine.Actor Name:BP_Platform_Cube_C_UAID_60E32BD04101924E01_1912274225 Label:BP_Platform_Cube3 SpatiallyLoaded:1 Bounds:IsValid=true, Min=(X=-250.000 Y=2535.000 Z=-660.000), Max=(X=250.000 Y=3085.000 Z=1540.000) RuntimeGrid:None EditorOnly:0 RuntimeOnly:0 HLODRelevant:0
 |   |   |- Guid:9CCDBAFE462F12B93C2D109F1EECC8B2 BaseClass:/Game/Blueprints/BP_Platform_Cube.BP_Platform_Cube_C NativeClass:/Script/Engine.Actor Name:BP_Platform_Cube_C_UAID_60E32BD04101AE5201_1505785384 Label:BP_Platform_Cube23 SpatiallyLoaded:1 Bounds:IsValid=true, Min=(X=-250.000 Y=4975.000 Z=1615.000), Max=(X=250.000 Y=5225.000 Z=1865.000) RuntimeGrid:None EditorOnly:0 RuntimeOnly:0 HLODRelevant:0
 |   |   |- Guid:9F21975747C9A008BC70038D1F8B24C0 BaseClass:/Game/Blueprints/BP_Platform_Cube.BP_Platform_Cube_C NativeClass:/Script/Engine.Actor Name:BP_Platform_Cube_C_UAID_60E32BD04101AE5201_1089761383 Label:BP_Platform_Cube26 SpatiallyLoaded:1 Bounds:IsValid=true, Min=(X=-250.000 Y=7195.000 Z=1327.500), Max=(X=250.000 Y=7445.000 Z=1452.500) RuntimeGrid:None EditorOnly:0 RuntimeOnly:0 HLODRelevant:0
 |   |   |- Guid:A2DAAE964C50B47E685BA78F218AD5FE BaseClass:/Game/Blueprints/BP_Restart_Volume.BP_Restart_Volume_C NativeClass:/Script/Engine.Actor Name:BP_Restart_Volume_C_UAID_60E32BD041017D5501_1096976921 Label:BP_Restart_Volume4 SpatiallyLoaded:1 Bounds:IsValid=true, Min=(X=-250.000 Y=5920.000 Z=1580.000), Max=(X=250.000 Y=6320.000 Z=1680.000) RuntimeGrid:None EditorOnly:0 RuntimeOnly:0 HLODRelevant:0
 |   |   |- Guid:A35207BA4FC8AFD78FDE2180E9EE3846 BaseClass:/Game/Blueprints/BP_Platform_Cube.BP_Platform_Cube_C NativeClass:/Script/Engine.Actor Name:BP_Platform_Cube_C_UAID_60E32BD04101924E01_1748377224 Label:BP_Platform_Cube2 SpatiallyLoaded:1 Bounds:IsValid=true, Min=(X=-262.500 Y=1972.500 Z=-2.500), Max=(X=262.500 Y=2547.500 Z=422.500) RuntimeGrid:None EditorOnly:0 RuntimeOnly:0 HLODRelevant:0
 |   |   |- Guid:A71156AA4A239ECDE52A99900BC785D7 BaseClass: NativeClass:/Script/Engine.StaticMeshActor Name:StaticMeshActor_35 Label:SM_QuarterCylinder14 SpatiallyLoaded:1 Bounds:IsValid=true, Min=(X=1240.000 Y=290.000 Z=0.000), Max=(X=1440.000 Y=490.000 Z=100.000) RuntimeGrid:None EditorOnly:0 RuntimeOnly:0 HLODRelevant:1 FolderPath:Cylinder FolderGuid:D075E5BA49330D3EC2503D81A7CF88D1
 |   |   |- Guid:A754BC74408B359812844FABF31398E5 BaseClass:/Game/Blueprints/BP_Platform_Cube.BP_Platform_Cube_C NativeClass:/Script/Engine.Actor Name:BP_Platform_Cube_C_UAID_60E32BD041017C5501_2071844743 Label:BP_Platform_Cube29 SpatiallyLoaded:1 Bounds:IsValid=true, Min=(X=-225.000 Y=3372.908 Z=-103860.264), Max=(X=225.000 Y=3627.092 Z=-103665.848) RuntimeGrid:None EditorOnly:0 RuntimeOnly:0 HLODRelevant:0
 |   |   |- Guid:AA43A34F463CDCD5FC3A49967F0B7ADA BaseClass:/Game/Blueprints/BP_Platform_Cube.BP_Platform_Cube_C NativeClass:/Script/Engine.Actor Name:BP_Platform_Cube_C_UAID_60E32BD04101AD5201_1698630200 Label:BP_Platform_Cube20 SpatiallyLoaded:1 Bounds:IsValid=true, Min=(X=-250.000 Y=10552.500 Z=-25.000), Max=(X=250.000 Y=12127.500 Z=2125.000) RuntimeGrid:None EditorOnly:0 RuntimeOnly:0 HLODRelevant:0
 |   |   |- Guid:AC6CCE584FA70D176D0BB68E3415BB5B BaseClass:/Game/Blueprints/BP_Platform_Cube.BP_Platform_Cube_C NativeClass:/Script/Engine.Actor Name:BP_Platform_Cube_C_UAID_60E32BD04101934E01_1798948407 Label:BP_Platform_Cube8 SpatiallyLoaded:1 Bounds:IsValid=true, Min=(X=-250.000 Y=4802.500 Z=945.000), Max=(X=250.000 Y=4977.500 Z=3595.000) RuntimeGrid:None EditorOnly:0 RuntimeOnly:0 HLODRelevant:0
 |   |   |- Guid:B277DBD84482E45F19792A9A982DE42C BaseClass:/Game/Blueprints/BP_Platform_Cube.BP_Platform_Cube_C NativeClass:/Script/Engine.Actor Name:BP_Platform_Cube_C_UAID_60E32BD041017D5501_1116713922 Label:BP_Platform_Cube31 SpatiallyLoaded:1 Bounds:IsValid=true, Min=(X=-250.000 Y=9895.000 Z=2397.500), Max=(X=250.000 Y=10245.000 Z=2522.500) RuntimeGrid:None EditorOnly:0 RuntimeOnly:0 HLODRelevant:0
 |   |   |- Guid:B33144304E4975167924CAACF69AD84A BaseClass: NativeClass:/Script/Engine.StaticMeshActor Name:StaticMeshActor_32 Label:SM_QuarterCylinder11 SpatiallyLoaded:1 Bounds:IsValid=true, Min=(X=1240.000 Y=490.000 Z=-0.000), Max=(X=1440.000 Y=690.000 Z=100.000) RuntimeGrid:None EditorOnly:0 RuntimeOnly:0 HLODRelevant:1 FolderPath:Cylinder FolderGuid:D075E5BA49330D3EC2503D81A7CF88D1
 |   |   |- Guid:B7E4F2C44A4B45BF364772BBBB1BE82E BaseClass: NativeClass:/Script/Engine.StaticMeshActor Name:StaticMeshActor_18 Label:SM_QuarterCylinder SpatiallyLoaded:1 Bounds:IsValid=true, Min=(X=1540.000 Y=2000.000 Z=0.000), Max=(X=1640.000 Y=2100.000 Z=200.000) RuntimeGrid:None EditorOnly:0 RuntimeOnly:0 HLODRelevant:1 FolderPath:Block02 FolderGuid:EBA23F8248252949750E43911A3A1CDD
 |   |   |- Guid:BCD7D2B045E209B64A20EBBBA2E9C40C BaseClass: NativeClass:/Script/Engine.StaticMeshActor Name:StaticMeshActor_15 Label:SM_Cube10 SpatiallyLoaded:1 Bounds:IsValid=true, Min=(X=840.000 Y=1890.000 Z=100.000), Max=(X=1040.000 Y=1990.000 Z=200.000) RuntimeGrid:None EditorOnly:0 RuntimeOnly:0 HLODRelevant:1 FolderPath:Block01 FolderGuid:7D23E5AE4C2A421F86AF6986D87E6D05
 |   |   |- Guid:C16F819B4A7446E35638B6BE113CA836 BaseClass:/Game/Blueprints/BP_Platform_Cube.BP_Platform_Cube_C NativeClass:/Script/Engine.Actor Name:BP_Platform_Cube_C_UAID_60E32BD04101934E01_1910690410 Label:BP_Platform_Cube10 SpatiallyLoaded:1 Bounds:IsValid=true, Min=(X=-225.000 Y=3554.070 Z=411.774), Max=(X=225.000 Y=3825.930 Z=668.226) RuntimeGrid:None EditorOnly:0 RuntimeOnly:0 HLODRelevant:0
 |   |   |- Guid:C29F063945FBB33D42A2C7959FC77E72 BaseClass: NativeClass:/Script/Engine.StaticMeshActor Name:StaticMeshActor_14 Label:SM_Ramp3 SpatiallyLoaded:1 Bounds:IsValid=true, Min=(X=840.000 Y=1490.000 Z=100.000), Max=(X=1040.000 Y=1890.000 Z=200.000) RuntimeGrid:None EditorOnly:0 RuntimeOnly:0 HLODRelevant:1 FolderPath:Block01 FolderGuid:7D23E5AE4C2A421F86AF6986D87E6D05
 |   |   |- Guid:C7CE37424BD7F73FCE5DA4B251230EED BaseClass: NativeClass:/Script/Engine.StaticMeshActor Name:StaticMeshActor_25 Label:SM_QuarterCylinder6 SpatiallyLoaded:1 Bounds:IsValid=true, Min=(X=240.000 Y=1990.000 Z=0.000), Max=(X=340.000 Y=2090.000 Z=200.000) RuntimeGrid:None EditorOnly:0 RuntimeOnly:0 HLODRelevant:1 FolderPath:Block01 FolderGuid:7D23E5AE4C2A421F86AF6986D87E6D05
 |   |   |- Guid:C903352D4FC92FC746519BA8F3E21D92 BaseClass: NativeClass:/Script/Engine.StaticMeshActor Name:StaticMeshActor_13 Label:SM_Cube9 SpatiallyLoaded:1 Bounds:IsValid=true, Min=(X=840.000 Y=1290.000 Z=0.000), Max=(X=1040.000 Y=1990.000 Z=100.000) RuntimeGrid:None EditorOnly:0 RuntimeOnly:0 HLODRelevant:1 FolderPath:Block01 FolderGuid:7D23E5AE4C2A421F86AF6986D87E6D05
 |   |   |- Guid:CAEC91A046BE9D506978DFB4AE4E1E23 BaseClass:/Game/Blueprints/BP_Platform_Cube.BP_Platform_Cube_C NativeClass:/Script/Engine.Actor Name:BP_Platform_Cube_C_UAID_60E32BD04101AD5201_1904317206 Label:BP_Platform_Cube25 SpatiallyLoaded:1 Bounds:IsValid=true, Min=(X=-250.000 Y=6915.000 Z=2277.500), Max=(X=250.000 Y=7165.000 Z=2402.500) RuntimeGrid:None EditorOnly:0 RuntimeOnly:0 HLODRelevant:0
 |   |   |- Guid:CDE7F6B94559499FAEEEF8AA42CD6316 BaseClass: NativeClass:/Script/Engine.ExponentialHeightFog Name:ExponentialHeightFog_0 Label:ExponentialHeightFog SpatiallyLoaded:0 Bounds:IsValid=true, Min=(X=-5600.000 Y=-50.000 Z=-6850.000), Max=(X=-5600.000 Y=-50.000 Z=-6850.000) RuntimeGrid:None EditorOnly:0 RuntimeOnly:0 HLODRelevant:0 FolderPath:Lighting FolderGuid:963EC3EB4002CCE9759E2EBA541A873A
 |   |   |- Guid:CF5986D94FB477F16E2203AC91E850FC BaseClass: NativeClass:/Script/Engine.StaticMeshActor Name:StaticMeshActor_7 Label:SM_Cube7 SpatiallyLoaded:1 Bounds:IsValid=true, Min=(X=340.000 Y=1990.000 Z=0.000), Max=(X=540.000 Y=2090.000 Z=200.000) RuntimeGrid:None EditorOnly:0 RuntimeOnly:0 HLODRelevant:1 FolderPath:Block01 FolderGuid:7D23E5AE4C2A421F86AF6986D87E6D05
 |   |   |- Guid:D03541BB43C60004F085279D04AB5ED9 BaseClass: NativeClass:/Script/Engine.StaticMeshActor Name:StaticMeshActor_UAID_A4AE111137DC5EFB00_1110535423 Label:SM_SkySphere SpatiallyLoaded:1 Bounds:IsValid=true, Min=(X=-1638400.000 Y=-1637650.000 Z=-1642496.900), Max=(X=1638400.000 Y=1639150.000 Z=1642495.100) RuntimeGrid:None EditorOnly:0 RuntimeOnly:0 HLODRelevant:1 FolderPath:Lighting FolderGuid:963EC3EB4002CCE9759E2EBA541A873A
 |   |   |- Guid:D4EFC1A544B8F1CABB5D10BC088E2EDC BaseClass:/Game/Blueprints/BP_Platform_Cube.BP_Platform_Cube_C NativeClass:/Script/Engine.Actor Name:BP_Platform_Cube_C_UAID_60E32BD04101AE5201_1660398386 Label:BP_Platform_Cube28 SpatiallyLoaded:1 Bounds:IsValid=true, Min=(X=-250.000 Y=6415.000 Z=2287.113), Max=(X=250.000 Y=6665.000 Z=2412.113) RuntimeGrid:None EditorOnly:0 RuntimeOnly:0 HLODRelevant:0
 |   |   |- Guid:D6CC6B254F989382491493AF3E40DEA1 BaseClass:/Game/Blueprints/BP_Platform_Cube.BP_Platform_Cube_C NativeClass:/Script/Engine.Actor Name:BP_Platform_Cube_C_UAID_60E32BD04101964E01_2073346946 Label:BP_Platform_Cube16 SpatiallyLoaded:1 Bounds:IsValid=true, Min=(X=-250.000 Y=7165.000 Z=722.500), Max=(X=250.000 Y=7415.000 Z=797.500) RuntimeGrid:None EditorOnly:0 RuntimeOnly:0 HLODRelevant:0
 |   |   |- Guid:D70A45E04176C03BF0719593055D92D0 BaseClass: NativeClass:/Script/Engine.StaticMeshActor Name:StaticMeshActor_33 Label:SM_QuarterCylinder12 SpatiallyLoaded:1 Bounds:IsValid=true, Min=(X=1040.000 Y=490.000 Z=0.000), Max=(X=1240.000 Y=690.000 Z=100.000) RuntimeGrid:None EditorOnly:0 RuntimeOnly:0 HLODRelevant:1 FolderPath:Cylinder FolderGuid:D075E5BA49330D3EC2503D81A7CF88D1
 |   |   |- Guid:D88B615D4485989A0E06C8B067251984 BaseClass: NativeClass:/Script/Engine.StaticMeshActor Name:StaticMeshActor_UAID_60E32BD04101F95201_2109216576 Label:Chechpoint_off SpatiallyLoaded:1 Bounds:IsValid=true, Min=(X=80.000 Y=5720.000 Z=480.000), Max=(X=80.000 Y=5720.000 Z=480.000) RuntimeGrid:None EditorOnly:0 RuntimeOnly:0 HLODRelevant:0
 |   |   |- Guid:DEB5BB844A2CC29B6C7605869F8084DD BaseClass: NativeClass:/Script/Engine.StaticMeshActor Name:StaticMeshActor_3 Label:SM_Ramp SpatiallyLoaded:1 Bounds:IsValid=true, Min=(X=340.000 Y=390.000 Z=0.000), Max=(X=740.000 Y=590.000 Z=30.000) RuntimeGrid:None EditorOnly:0 RuntimeOnly:0 HLODRelevant:1
 |   |   |- Guid:E6A88C154A221B0A0D67A1B9AE9C9352 BaseClass: NativeClass:/Script/Engine.StaticMeshActor Name:StaticMeshActor_2 Label:SM_ChamferCube SpatiallyLoaded:1 Bounds:IsValid=true, Min=(X=430.000 Y=120.000 Z=0.013), Max=(X=530.000 Y=220.000 Z=100.013) RuntimeGrid:None EditorOnly:0 RuntimeOnly:0 HLODRelevant:0
 |   |   |- Guid:EF1E05CB46FDAB3E15CBCAB1873D0CA1 BaseClass: NativeClass:/Script/Engine.StaticMeshActor Name:StaticMeshActor_21 Label:SM_QuarterCylinder3 SpatiallyLoaded:1 Bounds:IsValid=true, Min=(X=540.000 Y=1990.000 Z=0.000), Max=(X=640.000 Y=2090.000 Z=200.000) RuntimeGrid:None EditorOnly:0 RuntimeOnly:0 HLODRelevant:1 FolderPath:Block01 FolderGuid:7D23E5AE4C2A421F86AF6986D87E6D05
 |   |   |- Guid:FF835C5F4F709FAC99261486F770B2F5 BaseClass:/Game/Blueprints/BP_Restart_Volume.BP_Restart_Volume_C NativeClass:/Script/Engine.Actor Name:BP_Restart_Volume_C_UAID_60E32BD04101934E01_1836110408 Label:BP_Restart_Volume2 SpatiallyLoaded:1 Bounds:IsValid=true, Min=(X=-250.000 Y=4400.000 Z=1180.000), Max=(X=250.000 Y=4800.000 Z=1280.000) RuntimeGrid:None EditorOnly:0 RuntimeOnly:0 HLODRelevant:0
 |   |- [+] Clusters:
 |   |   |- [+] [  0]
 |   |   |   |- Guid:69BDBF344FCC7CFC9403C0BD084D781E BaseClass:/Game/Blueprints/BP_Platform_Cube.BP_Platform_Cube_C NativeClass:/Script/Engine.Actor Name:BP_Platform_Cube_C_UAID_60E32BD04101964E01_1245725943 Label:BP_Platform_Cube13 SpatiallyLoaded:1 Bounds:IsValid=true, Min=(X=-250.000 Y=5447.500 Z=-805.000), Max=(X=250.000 Y=5672.500 Z=845.000) RuntimeGrid:None EditorOnly:0 RuntimeOnly:0 HLODRelevant:0
 |   |   |- [+] [  1]
 |   |   |   |- Guid:6B7A3D2A436C5E306D39C3B045C45C61 BaseClass: NativeClass:/Script/Engine.VolumetricCloud Name:VolumetricCloud_0 Label:VolumetricCloud SpatiallyLoaded:0 Bounds:IsValid=true, Min=(X=0.000 Y=0.000 Z=820.000), Max=(X=0.000 Y=0.000 Z=820.000) RuntimeGrid:None EditorOnly:0 RuntimeOnly:0 HLODRelevant:0 FolderPath:Lighting FolderGuid:963EC3EB4002CCE9759E2EBA541A873A
 |   |   |- [+] [  2]
 |   |   |   |- Guid:21FA61FC47ED6B1B6A0F1FB2F4D69E07 BaseClass:/Game/Blueprints/BP_Chechpoint.BP_Chechpoint_C NativeClass:/Script/Engine.Actor Name:BP_Chechpoint_C_UAID_60E32BD04101075301_1080842039 Label:BP_Chechpoint SpatiallyLoaded:1 Bounds:IsValid=true, Min=(X=-264.000 Y=6186.500 Z=480.024), Max=(X=252.292 Y=6478.500 Z=812.337) RuntimeGrid:None EditorOnly:0 RuntimeOnly:0 HLODRelevant:0
 |   |   |- [+] [  3]
 |   |   |   |- Guid:D6CC6B254F989382491493AF3E40DEA1 BaseClass:/Game/Blueprints/BP_Platform_Cube.BP_Platform_Cube_C NativeClass:/Script/Engine.Actor Name:BP_Platform_Cube_C_UAID_60E32BD04101964E01_2073346946 Label:BP_Platform_Cube16 SpatiallyLoaded:1 Bounds:IsValid=true, Min=(X=-250.000 Y=7165.000 Z=722.500), Max=(X=250.000 Y=7415.000 Z=797.500) RuntimeGrid:None EditorOnly:0 RuntimeOnly:0 HLODRelevant:0
 |   |   |- [+] [  4]
 |   |   |   |- Guid:D03541BB43C60004F085279D04AB5ED9 BaseClass: NativeClass:/Script/Engine.StaticMeshActor Name:StaticMeshActor_UAID_A4AE111137DC5EFB00_1110535423 Label:SM_SkySphere SpatiallyLoaded:1 Bounds:IsValid=true, Min=(X=-1638400.000 Y=-1637650.000 Z=-1642496.900), Max=(X=1638400.000 Y=1639150.000 Z=1642495.100) RuntimeGrid:None EditorOnly:0 RuntimeOnly:0 HLODRelevant:1 FolderPath:Lighting FolderGuid:963EC3EB4002CCE9759E2EBA541A873A
 |   |   |- [+] [  5]
 |   |   |   |- Guid:AC6CCE584FA70D176D0BB68E3415BB5B BaseClass:/Game/Blueprints/BP_Platform_Cube.BP_Platform_Cube_C NativeClass:/Script/Engine.Actor Name:BP_Platform_Cube_C_UAID_60E32BD04101934E01_1798948407 Label:BP_Platform_Cube8 SpatiallyLoaded:1 Bounds:IsValid=true, Min=(X=-250.000 Y=4802.500 Z=945.000), Max=(X=250.000 Y=4977.500 Z=3595.000) RuntimeGrid:None EditorOnly:0 RuntimeOnly:0 HLODRelevant:0
 |   |   |- [+] [  6]
 |   |   |   |- Guid:5505547245D0D7DE4E6AFC8AA3545ED6 BaseClass: NativeClass:/Script/Engine.StaticMeshActor Name:StaticMeshActor_UAID_FC3497E44A60FE4D01_1080163177 Label:SM_Cube2 SpatiallyLoaded:1 Bounds:IsValid=true, Min=(X=-960.000 Y=12111.655 Z=-3600.000), Max=(X=2040.000 Y=13590.000 Z=1200.000) RuntimeGrid:None EditorOnly:0 RuntimeOnly:0 HLODRelevant:1 FolderPath:Playground FolderGuid:C73F09FC4215536B1DCE2A9E0A830C70
 |   |   |- [+] [  7]
 |   |   |   |- Guid:7127A5A5470551E3C82095B26E921FFA BaseClass: NativeClass:/Script/Engine.StaticMeshActor Name:StaticMeshActor_20 Label:SM_Cube12 SpatiallyLoaded:1 Bounds:IsValid=true, Min=(X=1540.000 Y=2250.000 Z=0.000), Max=(X=1640.000 Y=2350.000 Z=200.000) RuntimeGrid:None EditorOnly:0 RuntimeOnly:0 HLODRelevant:1 FolderPath:Block02 FolderGuid:EBA23F8248252949750E43911A3A1CDD
 |   |   |- [+] [  8]
 |   |   |   |- Guid:D88B615D4485989A0E06C8B067251984 BaseClass: NativeClass:/Script/Engine.StaticMeshActor Name:StaticMeshActor_UAID_60E32BD04101F95201_2109216576 Label:Chechpoint_off SpatiallyLoaded:1 Bounds:IsValid=true, Min=(X=80.000 Y=5720.000 Z=480.000), Max=(X=80.000 Y=5720.000 Z=480.000) RuntimeGrid:None EditorOnly:0 RuntimeOnly:0 HLODRelevant:0
 |   |   |- [+] [  9]
 |   |   |   |- Guid:638E85BD421B57D65E9452B6C5295C42 BaseClass:/Game/Blueprints/BP_Platform_Cube.BP_Platform_Cube_C NativeClass:/Script/Engine.Actor Name:BP_Platform_Cube_C_UAID_60E32BD04101AD5201_1451991199 Label:BP_Platform_Cube19 SpatiallyLoaded:1 Bounds:IsValid=true, Min=(X=-250.000 Y=1237.500 Z=1457.500), Max=(X=250.000 Y=1562.500 Z=1582.500) RuntimeGrid:None EditorOnly:0 RuntimeOnly:0 HLODRelevant:0
 |   |   |- [+] [ 10]
 |   |   |   |- Guid:23E31638424EDB0E928211957FC414E2 BaseClass:/Game/Blueprints/BP_Platform_Cube.BP_Platform_Cube_C NativeClass:/Script/Engine.Actor Name:BP_Platform_Cube_C_UAID_60E32BD041015E5301_1867664352 Label:BP_Platform_Cube17 SpatiallyLoaded:1 Bounds:IsValid=true, Min=(X=-250.000 Y=3090.000 Z=-760.000), Max=(X=250.000 Y=3390.000 Z=1440.000) RuntimeGrid:None EditorOnly:0 RuntimeOnly:0 HLODRelevant:0
 |   |   |- [+] [ 11]
 |   |   |   |- Guid:66829B394F0E9EF708536B9772CDCB0A BaseClass:/Game/Blueprints/BP_Platform_Cube.BP_Platform_Cube_C NativeClass:/Script/Engine.Actor Name:BP_Platform_Cube_C_UAID_60E32BD04101934E01_1086723403 Label:BP_Platform_Cube5 SpatiallyLoaded:1 Bounds:IsValid=true, Min=(X=-250.000 Y=637.500 Z=617.500), Max=(X=250.000 Y=1162.500 Z=1042.500) RuntimeGrid:None EditorOnly:0 RuntimeOnly:0 HLODRelevant:0
 |   |   |- [+] [ 12]
 |   |   |   |- Guid:A35207BA4FC8AFD78FDE2180E9EE3846 BaseClass:/Game/Blueprints/BP_Platform_Cube.BP_Platform_Cube_C NativeClass:/Script/Engine.Actor Name:BP_Platform_Cube_C_UAID_60E32BD04101924E01_1748377224 Label:BP_Platform_Cube2 SpatiallyLoaded:1 Bounds:IsValid=true, Min=(X=-262.500 Y=1972.500 Z=-2.500), Max=(X=262.500 Y=2547.500 Z=422.500) RuntimeGrid:None EditorOnly:0 RuntimeOnly:0 HLODRelevant:0
 |   |   |- [+] [ 13]
 |   |   |   |- Guid:982F12254C719D0D8F500E8AA25459D5 BaseClass: NativeClass:/Script/Engine.StaticMeshActor Name:StaticMeshActor_12 Label:SM_Cube8 SpatiallyLoaded:1 Bounds:IsValid=true, Min=(X=340.000 Y=850.000 Z=0.000), Max=(X=1540.000 Y=1150.000 Z=200.000) RuntimeGrid:None EditorOnly:0 RuntimeOnly:0 HLODRelevant:1 FolderPath:Block02 FolderGuid:EBA23F8248252949750E43911A3A1CDD
 |   |   |- [+] [ 14]
 |   |   |   |- Guid:3A697ED1497AC30C53A1648FBB3DA23A BaseClass: NativeClass:/Script/Engine.StaticMeshActor Name:StaticMeshActor_19 Label:SM_QuarterCylinder2 SpatiallyLoaded:1 Bounds:IsValid=true, Min=(X=1540.000 Y=2130.000 Z=0.000), Max=(X=1640.000 Y=2230.000 Z=200.000) RuntimeGrid:None EditorOnly:0 RuntimeOnly:0 HLODRelevant:1 FolderPath:Block02 FolderGuid:EBA23F8248252949750E43911A3A1CDD
 |   |   |- [+] [ 15]
 |   |   |   |- Guid:2A99A0CB46F466BD58F1C9812F4DD057 BaseClass:/Game/Blueprints/BP_Platform_Cube.BP_Platform_Cube_C NativeClass:/Script/Engine.Actor Name:BP_Platform_Cube_C_UAID_60E32BD04101AD5201_1900564205 Label:BP_Platform_Cube24 SpatiallyLoaded:1 Bounds:IsValid=true, Min=(X=-250.000 Y=5595.000 Z=2100.000), Max=(X=250.000 Y=5845.000 Z=2200.000) RuntimeGrid:None EditorOnly:0 RuntimeOnly:0 HLODRelevant:0
 |   |   |- [+] [ 16]
 |   |   |   |- Guid:7061593C460F9BB39F001DABD969395F BaseClass: NativeClass:/Script/Engine.StaticMeshActor Name:StaticMeshActor_34 Label:SM_QuarterCylinder13 SpatiallyLoaded:1 Bounds:IsValid=true, Min=(X=1040.000 Y=290.000 Z=0.000), Max=(X=1240.000 Y=490.000 Z=100.000) RuntimeGrid:None EditorOnly:0 RuntimeOnly:0 HLODRelevant:1 FolderPath:Cylinder FolderGuid:D075E5BA49330D3EC2503D81A7CF88D1
 |   |   |- [+] [ 17]
 |   |   |   |- Guid:C7CE37424BD7F73FCE5DA4B251230EED BaseClass: NativeClass:/Script/Engine.StaticMeshActor Name:StaticMeshActor_25 Label:SM_QuarterCylinder6 SpatiallyLoaded:1 Bounds:IsValid=true, Min=(X=240.000 Y=1990.000 Z=0.000), Max=(X=340.000 Y=2090.000 Z=200.000) RuntimeGrid:None EditorOnly:0 RuntimeOnly:0 HLODRelevant:1 FolderPath:Block01 FolderGuid:7D23E5AE4C2A421F86AF6986D87E6D05
 |   |   |- [+] [ 18]
 |   |   |   |- Guid:538C76A8416114796A8D6AB234D561CF BaseClass:/Game/Blueprints/BP_Platform_Cube.BP_Platform_Cube_C NativeClass:/Script/Engine.Actor Name:BP_Platform_Cube_C_UAID_60E32BD04101964E01_1318523945 Label:BP_Platform_Cube15 SpatiallyLoaded:1 Bounds:IsValid=true, Min=(X=-250.000 Y=6725.000 Z=997.500), Max=(X=250.000 Y=6975.000 Z=1122.500) RuntimeGrid:None EditorOnly:0 RuntimeOnly:0 HLODRelevant:0
 |   |   |- [+] [ 19]
 |   |   |   |- Guid:7405037945E9AC2AD819A9BEC4EE009D BaseClass: NativeClass:/Script/Engine.SkyLight Name:SkyLight_1 Label:SkyLight SpatiallyLoaded:0 Bounds:IsValid=true, Min=(X=0.000 Y=0.000 Z=690.000), Max=(X=0.000 Y=0.000 Z=690.000) RuntimeGrid:None EditorOnly:0 RuntimeOnly:0 HLODRelevant:0 FolderPath:Lighting FolderGuid:963EC3EB4002CCE9759E2EBA541A873A
 |   |   |- [+] [ 20]
 |   |   |   |- Guid:0234363D4F79D0C82660CDB8A26B8398 BaseClass:/Game/Blueprints/BP_Platform_Cube.BP_Platform_Cube_C NativeClass:/Script/Engine.Actor Name:BP_Platform_Cube_C_UAID_60E32BD04101944E01_1651060587 Label:BP_Platform_Cube11 SpatiallyLoaded:1 Bounds:IsValid=true, Min=(X=-225.000 Y=3372.908 Z=1339.736), Max=(X=225.000 Y=3627.092 Z=1534.152) RuntimeGrid:None EditorOnly:0 RuntimeOnly:0 HLODRelevant:0
 |   |   |- [+] [ 21]
 |   |   |   |- Guid:9F21975747C9A008BC70038D1F8B24C0 BaseClass:/Game/Blueprints/BP_Platform_Cube.BP_Platform_Cube_C NativeClass:/Script/Engine.Actor Name:BP_Platform_Cube_C_UAID_60E32BD04101AE5201_1089761383 Label:BP_Platform_Cube26 SpatiallyLoaded:1 Bounds:IsValid=true, Min=(X=-250.000 Y=7195.000 Z=1327.500), Max=(X=250.000 Y=7445.000 Z=1452.500) RuntimeGrid:None EditorOnly:0 RuntimeOnly:0 HLODRelevant:0
 |   |   |- [+] [ 22]
 |   |   |   |- Guid:CF5986D94FB477F16E2203AC91E850FC BaseClass: NativeClass:/Script/Engine.StaticMeshActor Name:StaticMeshActor_7 Label:SM_Cube7 SpatiallyLoaded:1 Bounds:IsValid=true, Min=(X=340.000 Y=1990.000 Z=0.000), Max=(X=540.000 Y=2090.000 Z=200.000) RuntimeGrid:None EditorOnly:0 RuntimeOnly:0 HLODRelevant:1 FolderPath:Block01 FolderGuid:7D23E5AE4C2A421F86AF6986D87E6D05
 |   |   |- [+] [ 23]
 |   |   |   |- Guid:94CB1780485DD3B450912FA8F4A32A1A BaseClass: NativeClass:/Script/Engine.PlayerStart Name:PlayerStart_0 Label:PlayerStart SpatiallyLoaded:0 Bounds:IsValid=true, Min=(X=860.000 Y=1070.000 Z=0.013), Max=(X=940.000 Y=1150.000 Z=184.013) RuntimeGrid:None EditorOnly:0 RuntimeOnly:0 HLODRelevant:0
 |   |   |- [+] [ 24]
 |   |   |   |- Guid:341A82F946A08879139909972DA92582 BaseClass: NativeClass:/Script/Engine.StaticMeshActor Name:StaticMeshActor_1 Label:SM_Cube SpatiallyLoaded:1 Bounds:IsValid=true, Min=(X=-960.000 Y=-205.000 Z=-1500.000), Max=(X=2040.000 Y=2570.000 Z=0.000) RuntimeGrid:None EditorOnly:0 RuntimeOnly:0 HLODRelevant:1 FolderPath:Playground FolderGuid:C73F09FC4215536B1DCE2A9E0A830C70
 |   |   |- [+] [ 25]
 |   |   |   |- Guid:85A693A644BC499A696CFE8ABE9F69AF BaseClass:/Game/Blueprints/BP_Platform_Cube.BP_Platform_Cube_C NativeClass:/Script/Engine.Actor Name:BP_Platform_Cube_C_UAID_60E32BD04101AD5201_1842205201 Label:BP_Platform_Cube21 SpatiallyLoaded:1 Bounds:IsValid=true, Min=(X=-250.000 Y=6050.000 Z=-742.500), Max=(X=250.000 Y=7150.000 Z=482.500) RuntimeGrid:None EditorOnly:0 RuntimeOnly:0 HLODRelevant:0
 |   |   |- [+] [ 26]
 |   |   |   |- Guid:80ABDC60407A553FED09E485294C1873 BaseClass:/Game/Blueprints/BP_Win_Level.BP_Win_Level_C NativeClass:/Script/Engine.Actor Name:BP_Win_Level_C_UAID_FC3497E44A60FE4D01_1945298182 Label:BP_Win_Level SpatiallyLoaded:1 Bounds:IsValid=true, Min=(X=-50.000 Y=10880.897 Z=1937.729), Max=(X=50.000 Y=11157.350 Z=3475.640) RuntimeGrid:None EditorOnly:0 RuntimeOnly:0 HLODRelevant:0
 |   |   |- [+] [ 27]
 |   |   |   |- Guid:51E566014601DEB442C025BAC597A32A BaseClass:/Game/Blueprints/BP_ThirdPersonCharacter.BP_ThirdPersonCharacter_C NativeClass:/Script/Engine.Character Name:BP_ThirdPersonCharacter_C_UAID_FC3497E44A60FD4D01_1675122999 Label:BP_ThirdPersonCharacter SpatiallyLoaded:1 Bounds:IsValid=true, Min=(X=-35.000 Y=325.000 Z=-0.113), Max=(X=37.664 Y=395.000 Z=180.332) RuntimeGrid:None EditorOnly:0 RuntimeOnly:0 HLODRelevant:0
 |   |   |- [+] [ 28]
 |   |   |   |- Guid:B33144304E4975167924CAACF69AD84A BaseClass: NativeClass:/Script/Engine.StaticMeshActor Name:StaticMeshActor_32 Label:SM_QuarterCylinder11 SpatiallyLoaded:1 Bounds:IsValid=true, Min=(X=1240.000 Y=490.000 Z=-0.000), Max=(X=1440.000 Y=690.000 Z=100.000) RuntimeGrid:None EditorOnly:0 RuntimeOnly:0 HLODRelevant:1 FolderPath:Cylinder FolderGuid:D075E5BA49330D3EC2503D81A7CF88D1
 |   |   |- [+] [ 29]
 |   |   |   |- Guid:7A3E744944F6768BB9020EB2432A26C0 BaseClass: NativeClass:/Script/Engine.SkyAtmosphere Name:SkyAtmosphere_0 Label:SkyAtmosphere SpatiallyLoaded:0 Bounds:IsValid=true, Min=(X=0.000 Y=0.000 Z=1020.000), Max=(X=0.000 Y=0.000 Z=1020.000) RuntimeGrid:None EditorOnly:0 RuntimeOnly:0 HLODRelevant:0 FolderPath:Lighting FolderGuid:963EC3EB4002CCE9759E2EBA541A873A
 |   |   |- [+] [ 30]
 |   |   |   |- Guid:9C99F9364AAD0C83F3A743A0F16C8DAF BaseClass:/Game/Blueprints/BP_Platform_Cube.BP_Platform_Cube_C NativeClass:/Script/Engine.Actor Name:BP_Platform_Cube_C_UAID_60E32BD04101924E01_1912274225 Label:BP_Platform_Cube3 SpatiallyLoaded:1 Bounds:IsValid=true, Min=(X=-250.000 Y=2535.000 Z=-660.000), Max=(X=250.000 Y=3085.000 Z=1540.000) RuntimeGrid:None EditorOnly:0 RuntimeOnly:0 HLODRelevant:0
 |   |   |- [+] [ 31]
 |   |   |   |- Guid:C29F063945FBB33D42A2C7959FC77E72 BaseClass: NativeClass:/Script/Engine.StaticMeshActor Name:StaticMeshActor_14 Label:SM_Ramp3 SpatiallyLoaded:1 Bounds:IsValid=true, Min=(X=840.000 Y=1490.000 Z=100.000), Max=(X=1040.000 Y=1890.000 Z=200.000) RuntimeGrid:None EditorOnly:0 RuntimeOnly:0 HLODRelevant:1 FolderPath:Block01 FolderGuid:7D23E5AE4C2A421F86AF6986D87E6D05
 |   |   |- [+] [ 32]
 |   |   |   |- Guid:D4EFC1A544B8F1CABB5D10BC088E2EDC BaseClass:/Game/Blueprints/BP_Platform_Cube.BP_Platform_Cube_C NativeClass:/Script/Engine.Actor Name:BP_Platform_Cube_C_UAID_60E32BD04101AE5201_1660398386 Label:BP_Platform_Cube28 SpatiallyLoaded:1 Bounds:IsValid=true, Min=(X=-250.000 Y=6415.000 Z=2287.113), Max=(X=250.000 Y=6665.000 Z=2412.113) RuntimeGrid:None EditorOnly:0 RuntimeOnly:0 HLODRelevant:0
 |   |   |- [+] [ 33]
 |   |   |   |- Guid:D70A45E04176C03BF0719593055D92D0 BaseClass: NativeClass:/Script/Engine.StaticMeshActor Name:StaticMeshActor_33 Label:SM_QuarterCylinder12 SpatiallyLoaded:1 Bounds:IsValid=true, Min=(X=1040.000 Y=490.000 Z=0.000), Max=(X=1240.000 Y=690.000 Z=100.000) RuntimeGrid:None EditorOnly:0 RuntimeOnly:0 HLODRelevant:1 FolderPath:Cylinder FolderGuid:D075E5BA49330D3EC2503D81A7CF88D1
 |   |   |- [+] [ 34]
 |   |   |   |- Guid:81700AA84FF57B2B8D562F957FC7CB7D BaseClass: NativeClass:/Script/Engine.StaticMeshActor Name:StaticMeshActor_UAID_FC3497E44A60004E01_1747494535 Label:SM_Cube3 SpatiallyLoaded:1 Bounds:IsValid=true, Min=(X=-960.000 Y=-1200.000 Z=-1570.000), Max=(X=2040.000 Y=-195.546 Z=3393.243) RuntimeGrid:None EditorOnly:0 RuntimeOnly:0 HLODRelevant:1 FolderPath:Playground FolderGuid:C73F09FC4215536B1DCE2A9E0A830C70
 |   |   |- [+] [ 35]
 |   |   |   |- Guid:C903352D4FC92FC746519BA8F3E21D92 BaseClass: NativeClass:/Script/Engine.StaticMeshActor Name:StaticMeshActor_13 Label:SM_Cube9 SpatiallyLoaded:1 Bounds:IsValid=true, Min=(X=840.000 Y=1290.000 Z=0.000), Max=(X=1040.000 Y=1990.000 Z=100.000) RuntimeGrid:None EditorOnly:0 RuntimeOnly:0 HLODRelevant:1 FolderPath:Block01 FolderGuid:7D23E5AE4C2A421F86AF6986D87E6D05
 |   |   |- [+] [ 36]
 |   |   |   |- Guid:7354D0DA4269D57C4AE54DA0236CC5A0 BaseClass: NativeClass:/Script/Engine.PostProcessVolume Name:PostProcessVolume_0 Label:PostProcessVolume SpatiallyLoaded:0 Bounds:IsValid=true, Min=(X=0.000 Y=0.000 Z=400.000), Max=(X=200.000 Y=200.000 Z=600.000) RuntimeGrid:None EditorOnly:0 RuntimeOnly:0 HLODRelevant:0 FolderPath:Lighting FolderGuid:963EC3EB4002CCE9759E2EBA541A873A
 |   |   |- [+] [ 37]
 |   |   |   |- Guid:FF835C5F4F709FAC99261486F770B2F5 BaseClass:/Game/Blueprints/BP_Restart_Volume.BP_Restart_Volume_C NativeClass:/Script/Engine.Actor Name:BP_Restart_Volume_C_UAID_60E32BD04101934E01_1836110408 Label:BP_Restart_Volume2 SpatiallyLoaded:1 Bounds:IsValid=true, Min=(X=-250.000 Y=4400.000 Z=1180.000), Max=(X=250.000 Y=4800.000 Z=1280.000) RuntimeGrid:None EditorOnly:0 RuntimeOnly:0 HLODRelevant:0
 |   |   |- [+] [ 38]
 |   |   |   |- Guid:0A146A484DD03272677240BF48790FF5 BaseClass: NativeClass:/Script/Engine.StaticMeshActor Name:StaticMeshActor_8 Label:SM_Cube4 SpatiallyLoaded:1 Bounds:IsValid=true, Min=(X=240.000 Y=1490.000 Z=0.000), Max=(X=840.000 Y=1990.000 Z=200.000) RuntimeGrid:None EditorOnly:0 RuntimeOnly:0 HLODRelevant:1 FolderPath:Block01 FolderGuid:7D23E5AE4C2A421F86AF6986D87E6D05
 |   |   |- [+] [ 39]
 |   |   |   |- Guid:18D921994BEB4F157F4A9A99F34861EE BaseClass:/Game/Blueprints/BP_Platform_Cube.BP_Platform_Cube_C NativeClass:/Script/Engine.Actor Name:BP_Platform_Cube_C_UAID_60E32BD04101964E01_2079773948 Label:BP_Platform_Cube18 SpatiallyLoaded:1 Bounds:IsValid=true, Min=(X=-250.000 Y=7855.000 Z=2377.500), Max=(X=250.000 Y=8205.000 Z=2502.500) RuntimeGrid:None EditorOnly:0 RuntimeOnly:0 HLODRelevant:0
 |   |   |- [+] [ 40]
 |   |   |   |- Guid:251B127C40558B4D1BEC848A3760CCD5 BaseClass: NativeClass:/Script/Engine.StaticMeshActor Name:StaticMeshActor_UAID_FC3497E44A60004E01_1764993536 Label:SM_Cube5 SpatiallyLoaded:1 Bounds:IsValid=true, Min=(X=-960.000 Y=13590.000 Z=-1570.000), Max=(X=2040.000 Y=14594.454 Z=3393.244) RuntimeGrid:None EditorOnly:0 RuntimeOnly:0 HLODRelevant:1 FolderPath:Playground FolderGuid:C73F09FC4215536B1DCE2A9E0A830C70
 |   |   |- [+] [ 41]
 |   |   |   |- Guid:C16F819B4A7446E35638B6BE113CA836 BaseClass:/Game/Blueprints/BP_Platform_Cube.BP_Platform_Cube_C NativeClass:/Script/Engine.Actor Name:BP_Platform_Cube_C_UAID_60E32BD04101934E01_1910690410 Label:BP_Platform_Cube10 SpatiallyLoaded:1 Bounds:IsValid=true, Min=(X=-225.000 Y=3554.070 Z=411.774), Max=(X=225.000 Y=3825.930 Z=668.226) RuntimeGrid:None EditorOnly:0 RuntimeOnly:0 HLODRelevant:0
 |   |   |- [+] [ 42]
 |   |   |   |- Guid:1F5357F142645D0EC0F091AFBA2A225F BaseClass:/Game/Blueprints/BP_Platform_Cube.BP_Platform_Cube_C NativeClass:/Script/Engine.Actor Name:BP_Platform_Cube_C_UAID_60E32BD04101934E01_1862989409 Label:BP_Platform_Cube9 SpatiallyLoaded:1 Bounds:IsValid=true, Min=(X=-250.000 Y=3642.500 Z=-702.500), Max=(X=250.000 Y=5317.500 Z=522.500) RuntimeGrid:None EditorOnly:0 RuntimeOnly:0 HLODRelevant:0
 |   |   |- [+] [ 43]
 |   |   |   |- Guid:B7E4F2C44A4B45BF364772BBBB1BE82E BaseClass: NativeClass:/Script/Engine.StaticMeshActor Name:StaticMeshActor_18 Label:SM_QuarterCylinder SpatiallyLoaded:1 Bounds:IsValid=true, Min=(X=1540.000 Y=2000.000 Z=0.000), Max=(X=1640.000 Y=2100.000 Z=200.000) RuntimeGrid:None EditorOnly:0 RuntimeOnly:0 HLODRelevant:1 FolderPath:Block02 FolderGuid:EBA23F8248252949750E43911A3A1CDD
 |   |   |- [+] [ 44]
 |   |   |   |- Guid:281F1682448DF8A5DD35288AE721D4A2 BaseClass:/Game/Blueprints/BP_Platform_Cube.BP_Platform_Cube_C NativeClass:/Script/Engine.Actor Name:BP_Platform_Cube_C_UAID_60E32BD04101964E01_1302951944 Label:BP_Platform_Cube14 SpatiallyLoaded:1 Bounds:IsValid=true, Min=(X=-250.000 Y=4980.000 Z=1487.500), Max=(X=250.000 Y=5580.000 Z=1612.500) RuntimeGrid:None EditorOnly:0 RuntimeOnly:0 HLODRelevant:0
 |   |   |- [+] [ 45]
 |   |   |   |- Guid:AA43A34F463CDCD5FC3A49967F0B7ADA BaseClass:/Game/Blueprints/BP_Platform_Cube.BP_Platform_Cube_C NativeClass:/Script/Engine.Actor Name:BP_Platform_Cube_C_UAID_60E32BD04101AD5201_1698630200 Label:BP_Platform_Cube20 SpatiallyLoaded:1 Bounds:IsValid=true, Min=(X=-250.000 Y=10552.500 Z=-25.000), Max=(X=250.000 Y=12127.500 Z=2125.000) RuntimeGrid:None EditorOnly:0 RuntimeOnly:0 HLODRelevant:0
 |   |   |- [+] [ 46]
 |   |   |   |- Guid:57EC2D8E46DCE676966A33ABD8322912 BaseClass:/Game/Blueprints/BP_Platform_Cube.BP_Platform_Cube_C NativeClass:/Script/Engine.Actor Name:BP_Platform_Cube_C_UAID_60E32BD04101934E01_1537733404 Label:BP_Platform_Cube6 SpatiallyLoaded:1 Bounds:IsValid=true, Min=(X=-250.000 Y=462.500 Z=620.000), Max=(X=250.000 Y=637.500 Z=2320.000) RuntimeGrid:None EditorOnly:0 RuntimeOnly:0 HLODRelevant:0
 |   |   |- [+] [ 47]
 |   |   |   |- Guid:CDE7F6B94559499FAEEEF8AA42CD6316 BaseClass: NativeClass:/Script/Engine.ExponentialHeightFog Name:ExponentialHeightFog_0 Label:ExponentialHeightFog SpatiallyLoaded:0 Bounds:IsValid=true, Min=(X=-5600.000 Y=-50.000 Z=-6850.000), Max=(X=-5600.000 Y=-50.000 Z=-6850.000) RuntimeGrid:None EditorOnly:0 RuntimeOnly:0 HLODRelevant:0 FolderPath:Lighting FolderGuid:963EC3EB4002CCE9759E2EBA541A873A
 |   |   |- [+] [ 48]
 |   |   |   |- Guid:620CE96D4092BB7E5B11B0AC2F2D2A3B BaseClass:/Game/Blueprints/BP_Platform_Cube.BP_Platform_Cube_C NativeClass:/Script/Engine.Actor Name:BP_Platform_Cube_C_UAID_60E32BD041015E5301_2016928353 Label:BP_Platform_Cube27 SpatiallyLoaded:1 Bounds:IsValid=true, Min=(X=-250.000 Y=637.500 Z=1035.000), Max=(X=250.000 Y=862.500 Z=1285.000) RuntimeGrid:None EditorOnly:0 RuntimeOnly:0 HLODRelevant:0
 |   |   |- [+] [ 49]
 |   |   |   |- Guid:CAEC91A046BE9D506978DFB4AE4E1E23 BaseClass:/Game/Blueprints/BP_Platform_Cube.BP_Platform_Cube_C NativeClass:/Script/Engine.Actor Name:BP_Platform_Cube_C_UAID_60E32BD04101AD5201_1904317206 Label:BP_Platform_Cube25 SpatiallyLoaded:1 Bounds:IsValid=true, Min=(X=-250.000 Y=6915.000 Z=2277.500), Max=(X=250.000 Y=7165.000 Z=2402.500) RuntimeGrid:None EditorOnly:0 RuntimeOnly:0 HLODRelevant:0
 |   |   |- [+] [ 50]
 |   |   |   |- Guid:1FA97AB94A3B53501D8829BAD11C8202 BaseClass: NativeClass:/Script/Engine.StaticMeshActor Name:StaticMeshActor_9 Label:SM_Ramp2 SpatiallyLoaded:1 Bounds:IsValid=true, Min=(X=440.000 Y=1290.000 Z=0.000), Max=(X=840.000 Y=1490.000 Z=100.000) RuntimeGrid:None EditorOnly:0 RuntimeOnly:0 HLODRelevant:1 FolderPath:Block01 FolderGuid:7D23E5AE4C2A421F86AF6986D87E6D05
 |   |   |- [+] [ 51]
 |   |   |   |- Guid:BCD7D2B045E209B64A20EBBBA2E9C40C BaseClass: NativeClass:/Script/Engine.StaticMeshActor Name:StaticMeshActor_15 Label:SM_Cube10 SpatiallyLoaded:1 Bounds:IsValid=true, Min=(X=840.000 Y=1890.000 Z=100.000), Max=(X=1040.000 Y=1990.000 Z=200.000) RuntimeGrid:None EditorOnly:0 RuntimeOnly:0 HLODRelevant:1 FolderPath:Block01 FolderGuid:7D23E5AE4C2A421F86AF6986D87E6D05
 |   |   |- [+] [ 52]
 |   |   |   |- Guid:47AC161341BACA129489B58B0955B682 BaseClass:/Game/Blueprints/BP_Platform_Cube.BP_Platform_Cube_C NativeClass:/Script/Engine.Actor Name:BP_Platform_Cube_C_UAID_60E32BD04101924E01_2138082226 Label:BP_Platform_Cube4 SpatiallyLoaded:1 Bounds:IsValid=true, Min=(X=-250.000 Y=1435.000 Z=637.500), Max=(X=250.000 Y=1785.000 Z=762.500) RuntimeGrid:None EditorOnly:0 RuntimeOnly:0 HLODRelevant:0
 |   |   |- [+] [ 53]
 |   |   |   |- Guid:636F5FAB47FA2A6ECBC2ED90B6B06738 BaseClass:/Game/Blueprints/BP_Restart_Volume.BP_Restart_Volume_C NativeClass:/Script/Engine.Actor Name:BP_Restart_Volume_C_UAID_FC3497E44A60024E01_1308029890 Label:BP_Restart_Volume SpatiallyLoaded:1 Bounds:IsValid=true, Min=(X=-273.069 Y=-2095.642 Z=-3079.834), Max=(X=273.069 Y=15495.642 Z=-160.166) RuntimeGrid:None EditorOnly:0 RuntimeOnly:0 HLODRelevant:0
 |   |   |- [+] [ 54]
 |   |   |   |- Guid:E6A88C154A221B0A0D67A1B9AE9C9352 BaseClass: NativeClass:/Script/Engine.StaticMeshActor Name:StaticMeshActor_2 Label:SM_ChamferCube SpatiallyLoaded:1 Bounds:IsValid=true, Min=(X=430.000 Y=120.000 Z=0.013), Max=(X=530.000 Y=220.000 Z=100.013) RuntimeGrid:None EditorOnly:0 RuntimeOnly:0 HLODRelevant:0
 |   |   |- [+] [ 55]
 |   |   |   |- Guid:164F2F49450A078C79B4EFAD073ED5AF BaseClass:/Game/Blueprints/BP_Restart_Volume.BP_Restart_Volume_C NativeClass:/Script/Engine.Actor Name:BP_Restart_Volume_C_UAID_60E32BD041015E5301_1844766351 Label:BP_Restart_Volume3 SpatiallyLoaded:1 Bounds:IsValid=true, Min=(X=-212.500 Y=3077.500 Z=1410.000), Max=(X=212.500 Y=3402.500 Z=1510.000) RuntimeGrid:None EditorOnly:0 RuntimeOnly:0 HLODRelevant:0
 |   |   |- [+] [ 56]
 |   |   |   |- Guid:01774D3F45CC380516F2A19B25CAFE41 BaseClass:/Game/Blueprints/BP_Platform_Cube.BP_Platform_Cube_C NativeClass:/Script/Engine.Actor Name:BP_Platform_Cube_C_UAID_60E32BD04101934E01_1798946406 Label:BP_Platform_Cube7 SpatiallyLoaded:1 Bounds:IsValid=true, Min=(X=-250.000 Y=4400.000 Z=957.500), Max=(X=250.000 Y=4800.000 Z=1182.500) RuntimeGrid:None EditorOnly:0 RuntimeOnly:0 HLODRelevant:0
 |   |   |- [+] [ 57]
 |   |   |   |- Guid:9CCDBAFE462F12B93C2D109F1EECC8B2 BaseClass:/Game/Blueprints/BP_Platform_Cube.BP_Platform_Cube_C NativeClass:/Script/Engine.Actor Name:BP_Platform_Cube_C_UAID_60E32BD04101AE5201_1505785384 Label:BP_Platform_Cube23 SpatiallyLoaded:1 Bounds:IsValid=true, Min=(X=-250.000 Y=4975.000 Z=1615.000), Max=(X=250.000 Y=5225.000 Z=1865.000) RuntimeGrid:None EditorOnly:0 RuntimeOnly:0 HLODRelevant:0
 |   |   |- [+] [ 58]
 |   |   |   |- Guid:093A24E54F36097ABAF61EAA84CC2938 BaseClass: NativeClass:/Script/Engine.DirectionalLight Name:DirectionalLight_0 Label:DirectionalLight SpatiallyLoaded:0 Bounds:IsValid=true, Min=(X=-1048576.000 Y=-1048576.000 Z=-1048576.000), Max=(X=1048576.000 Y=1048576.000 Z=1048576.000) RuntimeGrid:None EditorOnly:0 RuntimeOnly:0 HLODRelevant:0 FolderPath:Lighting FolderGuid:963EC3EB4002CCE9759E2EBA541A873A
 |   |   |- [+] [ 59]
 |   |   |   |- Guid:5F32994048DEA6258B7E7092EB3A000F BaseClass:/Game/Blueprints/BP_Platform_Cube.BP_Platform_Cube_C NativeClass:/Script/Engine.Actor Name:BP_Platform_Cube_C_UAID_60E32BD04101944E01_2002257588 Label:BP_Platform_Cube12 SpatiallyLoaded:1 Bounds:IsValid=true, Min=(X=-250.000 Y=3385.000 Z=-673.678), Max=(X=250.000 Y=3635.000 Z=1451.322) RuntimeGrid:None EditorOnly:0 RuntimeOnly:0 HLODRelevant:0
 |   |   |- [+] [ 60]
 |   |   |   |- Guid:DEB5BB844A2CC29B6C7605869F8084DD BaseClass: NativeClass:/Script/Engine.StaticMeshActor Name:StaticMeshActor_3 Label:SM_Ramp SpatiallyLoaded:1 Bounds:IsValid=true, Min=(X=340.000 Y=390.000 Z=0.000), Max=(X=740.000 Y=590.000 Z=30.000) RuntimeGrid:None EditorOnly:0 RuntimeOnly:0 HLODRelevant:1
 |   |   |- [+] [ 61]
 |   |   |   |- Guid:97A60252458D0052F30F3CAFC0FB8263 BaseClass:/Game/Blueprints/BP_Platform_Cube.BP_Platform_Cube_C NativeClass:/Script/Engine.Actor Name:BP_Platform_Cube_C_UAID_60E32BD04101924E01_1553671223 Label:BP_Platform_Cube SpatiallyLoaded:1 Bounds:IsValid=true, Min=(X=-250.000 Y=1422.500 Z=-350.000), Max=(X=250.000 Y=1997.500 Z=150.000) RuntimeGrid:None EditorOnly:0 RuntimeOnly:0 HLODRelevant:0
 |   |   |- [+] [ 62]
 |   |   |   |- Guid:A71156AA4A239ECDE52A99900BC785D7 BaseClass: NativeClass:/Script/Engine.StaticMeshActor Name:StaticMeshActor_35 Label:SM_QuarterCylinder14 SpatiallyLoaded:1 Bounds:IsValid=true, Min=(X=1240.000 Y=290.000 Z=0.000), Max=(X=1440.000 Y=490.000 Z=100.000) RuntimeGrid:None EditorOnly:0 RuntimeOnly:0 HLODRelevant:1 FolderPath:Cylinder FolderGuid:D075E5BA49330D3EC2503D81A7CF88D1
 |   |   |- [+] [ 63]
 |   |   |   |- Guid:50D3C3F34623C495593F5EA95593ED2C BaseClass: NativeClass:/Script/Engine.WorldDataLayers Name:WorldDataLayers Label:WorldDataLayers-1 SpatiallyLoaded:0 Bounds:IsValid=true, Min=(X=0.000 Y=0.000 Z=0.000), Max=(X=0.000 Y=0.000 Z=0.000) RuntimeGrid:None EditorOnly:0 RuntimeOnly:0 HLODRelevant:0
 |   |   |- [+] [ 64]
 |   |   |   |- Guid:EF1E05CB46FDAB3E15CBCAB1873D0CA1 BaseClass: NativeClass:/Script/Engine.StaticMeshActor Name:StaticMeshActor_21 Label:SM_QuarterCylinder3 SpatiallyLoaded:1 Bounds:IsValid=true, Min=(X=540.000 Y=1990.000 Z=0.000), Max=(X=640.000 Y=2090.000 Z=200.000) RuntimeGrid:None EditorOnly:0 RuntimeOnly:0 HLODRelevant:1 FolderPath:Block01 FolderGuid:7D23E5AE4C2A421F86AF6986D87E6D05
 |   |   |- [+] [ 65]
 |   |   |   |- Guid:A754BC74408B359812844FABF31398E5 BaseClass:/Game/Blueprints/BP_Platform_Cube.BP_Platform_Cube_C NativeClass:/Script/Engine.Actor Name:BP_Platform_Cube_C_UAID_60E32BD041017C5501_2071844743 Label:BP_Platform_Cube29 SpatiallyLoaded:1 Bounds:IsValid=true, Min=(X=-225.000 Y=3372.908 Z=-103860.264), Max=(X=225.000 Y=3627.092 Z=-103665.848) RuntimeGrid:None EditorOnly:0 RuntimeOnly:0 HLODRelevant:0
 |   |   |- [+] [ 66]
 |   |   |   |- Guid:24D671784B6FFD77FAB33ABA76CE35DB BaseClass:/Game/Blueprints/BP_Platform_Cube.BP_Platform_Cube_C NativeClass:/Script/Engine.Actor Name:BP_Platform_Cube_C_UAID_60E32BD041017C5501_2076421744 Label:BP_Platform_Cube30 SpatiallyLoaded:1 Bounds:IsValid=true, Min=(X=-225.000 Y=6380.175 Z=1509.606), Max=(X=225.000 Y=6983.941 Z=1930.359) RuntimeGrid:None EditorOnly:0 RuntimeOnly:0 HLODRelevant:0
 |   |   |- [+] [ 67]
 |   |   |   |- Guid:A2DAAE964C50B47E685BA78F218AD5FE BaseClass:/Game/Blueprints/BP_Restart_Volume.BP_Restart_Volume_C NativeClass:/Script/Engine.Actor Name:BP_Restart_Volume_C_UAID_60E32BD041017D5501_1096976921 Label:BP_Restart_Volume4 SpatiallyLoaded:1 Bounds:IsValid=true, Min=(X=-250.000 Y=5920.000 Z=1580.000), Max=(X=250.000 Y=6320.000 Z=1680.000) RuntimeGrid:None EditorOnly:0 RuntimeOnly:0 HLODRelevant:0
 |   |   |- [+] [ 68]
 |   |   |   |- Guid:B277DBD84482E45F19792A9A982DE42C BaseClass:/Game/Blueprints/BP_Platform_Cube.BP_Platform_Cube_C NativeClass:/Script/Engine.Actor Name:BP_Platform_Cube_C_UAID_60E32BD041017D5501_1116713922 Label:BP_Platform_Cube31 SpatiallyLoaded:1 Bounds:IsValid=true, Min=(X=-250.000 Y=9895.000 Z=2397.500), Max=(X=250.000 Y=10245.000 Z=2522.500) RuntimeGrid:None EditorOnly:0 RuntimeOnly:0 HLODRelevant:0
 |- ContainerInstances:
 |- [+] MainContainer:
 |   |-        ID: 0x0000000000000000
 |   |-    Bounds: IsValid=false, Min=(X=0.000 Y=0.000 Z=0.000), Max=(X=0.000 Y=0.000 Z=0.000)
 |   |- Transform: 0.000000,0.000000,0.000000|0.000000,0.000000,-0.000000|1.000000,1.000000,1.000000
 |   |- Container: /Game/Maps/L_DoItYourself
----------------------------------------------------------------------------------------------------------------
L_DoItYourself - Persistent Level
----------------------------------------------------------------------------------------------------------------
Always loaded Actor Count: 77 

----------------------------------------------------------------------------------------------------------------
L_DoItYourself - Runtime Spatial Hash - Streaming Grid - MainGrid
----------------------------------------------------------------------------------------------------------------
            Origin: X=0.000 Y=0.000 Z=0.000
         Cell Size: 12800
      World Bounds: IsValid=false, Min=(X=0.000 Y=0.000 Z=0.000), Max=(X=0.000 Y=0.000 Z=0.000)
     Loading Range: 25600.00
Block Slow Loading: No
 ClientOnlyVisible: No

[+] Grid Levels: 1
 |- Level  0: Cell Count    0 | Cell Size   12800 | Actor Count    0 (0.0%)

[+] Content of Grid Level 0

